2015-11-10 15:26:56 10fc InnoDB: Warning: Using innodb_additional_mem_pool_size is DEPRECATED. This option may be removed in future releases, together with the option innodb_use_sys_malloc and with the InnoDB's internal memory allocator.
2015-11-10 15:26:56 4348 [Note] InnoDB: Using mutexes to ref count buffer pool pages
2015-11-10 15:26:56 4348 [Note] InnoDB: The InnoDB memory heap is disabled
2015-11-10 15:26:56 4348 [Note] InnoDB: Mutexes and rw_locks use Windows interlocked functions
2015-11-10 15:26:56 4348 [Note] InnoDB: Memory barrier is not used
2015-11-10 15:26:56 4348 [Note] InnoDB: Compressed tables use zlib 1.2.3
2015-11-10 15:26:56 4348 [Note] InnoDB: Not using CPU crc32 instructions
2015-11-10 15:26:56 4348 [Note] InnoDB: Initializing buffer pool, size = 16.0M
2015-11-10 15:26:56 4348 [Note] InnoDB: Completed initialization of buffer pool
2015-11-10 15:26:56 4348 [Note] InnoDB: Highest supported file format is Barracuda.
2015-11-10 15:26:57 4348 [Note] InnoDB: 128 rollback segment(s) are active.
2015-11-10 15:26:57 4348 [Note] InnoDB: Waiting for purge to start
2015-11-10 15:26:57 4348 [Note] InnoDB:  Percona XtraDB (http://www.percona.com) 5.6.26-74.0 started; log sequence number 1835027
2015-11-10 15:26:57 6140 [Note] InnoDB: Dumping buffer pool(s) not yet started
2015-11-10 15:26:57 4348 [Note] Plugin 'FEEDBACK' is disabled.
2015-11-10 15:26:57 4348 [Note] Server socket created on IP: '::'.
2015-11-10 15:26:57 4348 [Note] Event Scheduler: Loaded 0 events
2015-11-10 15:26:57 4348 [Note] C:\xampp\mysql\bin\mysqld.exe: ready for connections.
Version: '10.1.8-MariaDB'  socket: ''  port: 3306  mariadb.org binary distribution
2015-11-10 15:27:11 5152 [Note] C:\xampp\mysql\bin\mysqld.exe: Normal shutdown

2015-11-10 15:27:11 5152 [Note] Event Scheduler: Purging the queue. 0 events
2015-11-10 15:27:11 5732 [Note] InnoDB: FTS optimize thread exiting.
2015-11-10 15:27:11 5152 [Note] InnoDB: Starting shutdown...
2015-11-10 15:27:13 5152 [Note] InnoDB: Shutdown completed; log sequence number 1835037
2015-11-10 15:27:13 5152 [Note] C:\xampp\mysql\bin\mysqld.exe: Shutdown complete

2018-10-06 18:52:50 be4 InnoDB: Warning: Using innodb_additional_mem_pool_size is DEPRECATED. This option may be removed in future releases, together with the option innodb_use_sys_malloc and with the InnoDB's internal memory allocator.
2018-10-06 18:52:50 3044 [Note] InnoDB: innodb_empty_free_list_algorithm has been changed to legacy because of small buffer pool size. In order to use backoff, increase buffer pool at least up to 20MB.

2018-10-06 18:52:50 3044 [Note] InnoDB: Using mutexes to ref count buffer pool pages
2018-10-06 18:52:50 3044 [Note] InnoDB: The InnoDB memory heap is disabled
2018-10-06 18:52:50 3044 [Note] InnoDB: Mutexes and rw_locks use Windows interlocked functions
2018-10-06 18:52:50 3044 [Note] InnoDB: _mm_lfence() and _mm_sfence() are used for memory barrier
2018-10-06 18:52:50 3044 [Note] InnoDB: Compressed tables use zlib 1.2.3
2018-10-06 18:52:50 3044 [Note] InnoDB: Using generic crc32 instructions
2018-10-06 18:52:50 3044 [Note] InnoDB: Initializing buffer pool, size = 16.0M
2018-10-06 18:52:50 3044 [Note] InnoDB: Completed initialization of buffer pool
2018-10-06 18:52:50 3044 [Note] InnoDB: Highest supported file format is Barracuda.
2018-10-06 18:52:52 3044 [Note] InnoDB: 128 rollback segment(s) are active.
2018-10-06 18:52:52 3044 [Note] InnoDB: Waiting for purge to start
2018-10-06 18:52:52 3044 [Note] InnoDB:  Percona XtraDB (http://www.percona.com) 5.6.39-83.1 started; log sequence number 1835037
2018-10-06 18:52:53 3336 [Note] InnoDB: Dumping buffer pool(s) not yet started
2018-10-06 18:52:53 3044 [Note] Plugin 'FEEDBACK' is disabled.
2018-10-06 18:52:53 3044 [Note] Server socket created on IP: '::'.
2018-10-06 18:52:55 3044 [Note] c:\xampp\mysql\bin\mysqld.exe: ready for connections.
Version: '10.1.35-MariaDB'  socket: ''  port: 3306  mariadb.org binary distribution
2018-10-06 19:10:36 4012 [ERROR] Incorrect definition of table mysql.column_stats: expected column 'min_value' at position 3 to have type varbinary(255), found type varchar(255).
2018-10-06 19:10:36 4012 [ERROR] Incorrect definition of table mysql.column_stats: expected column 'max_value' at position 4 to have type varbinary(255), found type varchar(255).
2018-10-06 21:26:10 118c InnoDB: Warning: Using innodb_additional_mem_pool_size is DEPRECATED. This option may be removed in future releases, together with the option innodb_use_sys_malloc and with the InnoDB's internal memory allocator.
2018-10-06 21:26:10 4492 [Note] InnoDB: innodb_empty_free_list_algorithm has been changed to legacy because of small buffer pool size. In order to use backoff, increase buffer pool at least up to 20MB.

2018-10-06 21:26:10 4492 [Note] InnoDB: Using mutexes to ref count buffer pool pages
2018-10-06 21:26:10 4492 [Note] InnoDB: The InnoDB memory heap is disabled
2018-10-06 21:26:10 4492 [Note] InnoDB: Mutexes and rw_locks use Windows interlocked functions
2018-10-06 21:26:10 4492 [Note] InnoDB: _mm_lfence() and _mm_sfence() are used for memory barrier
2018-10-06 21:26:10 4492 [Note] InnoDB: Compressed tables use zlib 1.2.3
2018-10-06 21:26:10 4492 [Note] InnoDB: Using generic crc32 instructions
2018-10-06 21:26:10 4492 [Note] InnoDB: Initializing buffer pool, size = 16.0M
2018-10-06 21:26:10 4492 [Note] InnoDB: Completed initialization of buffer pool
2018-10-06 21:26:11 4492 [Note] InnoDB: Highest supported file format is Barracuda.
2018-10-06 21:26:11 4492 [Note] InnoDB: The log sequence number 1835037 in ibdata file do not match the log sequence number 1913663 in the ib_logfiles!
2018-10-06 21:26:11 4492 [Note] InnoDB: Restoring possible half-written data pages from the doublewrite buffer...
2018-10-06 21:26:11 4492 [Note] InnoDB: 128 rollback segment(s) are active.
2018-10-06 21:26:11 4492 [Note] InnoDB: Waiting for purge to start
2018-10-06 21:26:12 4492 [Note] InnoDB:  Percona XtraDB (http://www.percona.com) 5.6.39-83.1 started; log sequence number 1913663
2018-10-06 21:26:12 3020 [Note] InnoDB: Dumping buffer pool(s) not yet started
2018-10-06 21:26:12 4492 [Note] Plugin 'FEEDBACK' is disabled.
2018-10-06 21:26:12 4492 [Note] Server socket created on IP: '::'.
2018-10-06 21:26:12 4492 [Note] c:\xampp\mysql\bin\mysqld.exe: ready for connections.
Version: '10.1.35-MariaDB'  socket: ''  port: 3306  mariadb.org binary distribution
2018-10-07 10:39:48 2ac InnoDB: Warning: Using innodb_additional_mem_pool_size is DEPRECATED. This option may be removed in future releases, together with the option innodb_use_sys_malloc and with the InnoDB's internal memory allocator.
2018-10-07 10:39:48 684 [Note] InnoDB: innodb_empty_free_list_algorithm has been changed to legacy because of small buffer pool size. In order to use backoff, increase buffer pool at least up to 20MB.

2018-10-07 10:39:48 684 [Note] InnoDB: Using mutexes to ref count buffer pool pages
2018-10-07 10:39:48 684 [Note] InnoDB: The InnoDB memory heap is disabled
2018-10-07 10:39:48 684 [Note] InnoDB: Mutexes and rw_locks use Windows interlocked functions
2018-10-07 10:39:48 684 [Note] InnoDB: _mm_lfence() and _mm_sfence() are used for memory barrier
2018-10-07 10:39:48 684 [Note] InnoDB: Compressed tables use zlib 1.2.3
2018-10-07 10:39:48 684 [Note] InnoDB: Using generic crc32 instructions
2018-10-07 10:39:48 684 [Note] InnoDB: Initializing buffer pool, size = 16.0M
2018-10-07 10:39:48 684 [Note] InnoDB: Completed initialization of buffer pool
2018-10-07 10:39:48 684 [Note] InnoDB: Highest supported file format is Barracuda.
2018-10-07 10:39:48 684 [Note] InnoDB: The log sequence number 1835037 in ibdata file do not match the log sequence number 1916022 in the ib_logfiles!
2018-10-07 10:39:49 684 [Note] InnoDB: Restoring possible half-written data pages from the doublewrite buffer...
2018-10-07 10:39:49 684 [Note] InnoDB: 128 rollback segment(s) are active.
2018-10-07 10:39:49 684 [Note] InnoDB: Waiting for purge to start
2018-10-07 10:39:49 684 [Note] InnoDB:  Percona XtraDB (http://www.percona.com) 5.6.39-83.1 started; log sequence number 1916022
2018-10-07 10:39:49 2320 [Note] InnoDB: Dumping buffer pool(s) not yet started
2018-10-07 10:39:50 684 [Note] Plugin 'FEEDBACK' is disabled.
2018-10-07 10:39:50 684 [Note] Server socket created on IP: '::'.
2018-10-07 10:39:50 684 [Note] c:\xampp\mysql\bin\mysqld.exe: ready for connections.
Version: '10.1.35-MariaDB'  socket: ''  port: 3306  mariadb.org binary distribution
2018-10-07 12:50:20 11a4 InnoDB: Warning: Using innodb_additional_mem_pool_size is DEPRECATED. This option may be removed in future releases, together with the option innodb_use_sys_malloc and with the InnoDB's internal memory allocator.
2018-10-07 12:50:20 4516 [Note] InnoDB: innodb_empty_free_list_algorithm has been changed to legacy because of small buffer pool size. In order to use backoff, increase buffer pool at least up to 20MB.

2018-10-07 12:50:20 4516 [Note] InnoDB: Using mutexes to ref count buffer pool pages
2018-10-07 12:50:20 4516 [Note] InnoDB: The InnoDB memory heap is disabled
2018-10-07 12:50:20 4516 [Note] InnoDB: Mutexes and rw_locks use Windows interlocked functions
2018-10-07 12:50:20 4516 [Note] InnoDB: _mm_lfence() and _mm_sfence() are used for memory barrier
2018-10-07 12:50:20 4516 [Note] InnoDB: Compressed tables use zlib 1.2.3
2018-10-07 12:50:20 4516 [Note] InnoDB: Using generic crc32 instructions
2018-10-07 12:50:20 4516 [Note] InnoDB: Initializing buffer pool, size = 16.0M
2018-10-07 12:50:20 4516 [Note] InnoDB: Completed initialization of buffer pool
2018-10-07 12:50:21 4516 [Note] InnoDB: Highest supported file format is Barracuda.
2018-10-07 12:50:21 4516 [Note] InnoDB: The log sequence number 1835037 in ibdata file do not match the log sequence number 1916032 in the ib_logfiles!
2018-10-07 12:50:21 4516 [Note] InnoDB: Restoring possible half-written data pages from the doublewrite buffer...
2018-10-07 12:50:22 4516 [Note] InnoDB: 128 rollback segment(s) are active.
2018-10-07 12:50:22 4516 [Note] InnoDB: Waiting for purge to start
2018-10-07 12:50:22 4516 [Note] InnoDB:  Percona XtraDB (http://www.percona.com) 5.6.39-83.1 started; log sequence number 1916032
2018-10-07 12:50:22 4644 [Note] InnoDB: Dumping buffer pool(s) not yet started
2018-10-07 12:50:23 4516 [Note] Plugin 'FEEDBACK' is disabled.
2018-10-07 12:50:23 4516 [Note] Server socket created on IP: '::'.
2018-10-07 12:50:23 4516 [Note] c:\xampp\mysql\bin\mysqld.exe: ready for connections.
Version: '10.1.35-MariaDB'  socket: ''  port: 3306  mariadb.org binary distribution
2018-10-07 14:13:11 1960 InnoDB: Warning: Using innodb_additional_mem_pool_size is DEPRECATED. This option may be removed in future releases, together with the option innodb_use_sys_malloc and with the InnoDB's internal memory allocator.
2018-10-07 14:13:11 6496 [Note] InnoDB: innodb_empty_free_list_algorithm has been changed to legacy because of small buffer pool size. In order to use backoff, increase buffer pool at least up to 20MB.

2018-10-07 14:13:11 6496 [Note] InnoDB: Using mutexes to ref count buffer pool pages
2018-10-07 14:13:11 6496 [Note] InnoDB: The InnoDB memory heap is disabled
2018-10-07 14:13:11 6496 [Note] InnoDB: Mutexes and rw_locks use Windows interlocked functions
2018-10-07 14:13:11 6496 [Note] InnoDB: _mm_lfence() and _mm_sfence() are used for memory barrier
2018-10-07 14:13:11 6496 [Note] InnoDB: Compressed tables use zlib 1.2.3
2018-10-07 14:13:11 6496 [Note] InnoDB: Using generic crc32 instructions
2018-10-07 14:13:11 6496 [Note] InnoDB: Initializing buffer pool, size = 16.0M
2018-10-07 14:13:11 6496 [Note] InnoDB: Completed initialization of buffer pool
2018-10-07 14:13:11 6496 [Note] InnoDB: Highest supported file format is Barracuda.
2018-10-07 14:13:11 6496 [Note] InnoDB: The log sequence number 1835037 in ibdata file do not match the log sequence number 1941978 in the ib_logfiles!
2018-10-07 14:13:12 6496 [Note] InnoDB: Restoring possible half-written data pages from the doublewrite buffer...
2018-10-07 14:13:13 6496 [Note] InnoDB: 128 rollback segment(s) are active.
2018-10-07 14:13:13 6496 [Note] InnoDB: Waiting for purge to start
2018-10-07 14:13:13 6496 [Note] InnoDB:  Percona XtraDB (http://www.percona.com) 5.6.39-83.1 started; log sequence number 1941978
2018-10-07 14:13:13 6312 [Note] InnoDB: Dumping buffer pool(s) not yet started
2018-10-07 14:13:13 6496 [Note] Plugin 'FEEDBACK' is disabled.
2018-10-07 14:13:13 6496 [Note] Server socket created on IP: '::'.
2018-10-07 14:13:13 6496 [Note] c:\xampp\mysql\bin\mysqld.exe: ready for connections.
Version: '10.1.35-MariaDB'  socket: ''  port: 3306  mariadb.org binary distribution
2018-10-07 17:18:38 34c InnoDB: Warning: Using innodb_additional_mem_pool_size is DEPRECATED. This option may be removed in future releases, together with the option innodb_use_sys_malloc and with the InnoDB's internal memory allocator.
2018-10-07 17:18:38 844 [Note] InnoDB: innodb_empty_free_list_algorithm has been changed to legacy because of small buffer pool size. In order to use backoff, increase buffer pool at least up to 20MB.

2018-10-07 17:18:38 844 [Note] InnoDB: Using mutexes to ref count buffer pool pages
2018-10-07 17:18:38 844 [Note] InnoDB: The InnoDB memory heap is disabled
2018-10-07 17:18:38 844 [Note] InnoDB: Mutexes and rw_locks use Windows interlocked functions
2018-10-07 17:18:38 844 [Note] InnoDB: _mm_lfence() and _mm_sfence() are used for memory barrier
2018-10-07 17:18:38 844 [Note] InnoDB: Compressed tables use zlib 1.2.3
2018-10-07 17:18:38 844 [Note] InnoDB: Using generic crc32 instructions
2018-10-07 17:18:38 844 [Note] InnoDB: Initializing buffer pool, size = 16.0M
2018-10-07 17:18:38 844 [Note] InnoDB: Completed initialization of buffer pool
2018-10-07 17:18:39 844 [Note] InnoDB: Highest supported file format is Barracuda.
2018-10-07 17:18:39 844 [Note] InnoDB: The log sequence number 1835037 in ibdata file do not match the log sequence number 1945389 in the ib_logfiles!
2018-10-07 17:18:39 844 [Note] InnoDB: Restoring possible half-written data pages from the doublewrite buffer...
2018-10-07 17:18:40 844 [Note] InnoDB: 128 rollback segment(s) are active.
2018-10-07 17:18:40 844 [Note] InnoDB: Waiting for purge to start
2018-10-07 17:18:40 844 [Note] InnoDB:  Percona XtraDB (http://www.percona.com) 5.6.39-83.1 started; log sequence number 1945389
2018-10-07 17:18:40 3948 [Note] InnoDB: Dumping buffer pool(s) not yet started
2018-10-07 17:18:40 844 [Note] Plugin 'FEEDBACK' is disabled.
2018-10-07 17:18:40 844 [Note] Server socket created on IP: '::'.
2018-10-07 17:18:41 844 [Note] c:\xampp\mysql\bin\mysqld.exe: ready for connections.
Version: '10.1.35-MariaDB'  socket: ''  port: 3306  mariadb.org binary distribution
2018-10-07 18:17:49 fa8 InnoDB: Warning: Using innodb_additional_mem_pool_size is DEPRECATED. This option may be removed in future releases, together with the option innodb_use_sys_malloc and with the InnoDB's internal memory allocator.
2018-10-07 18:17:49 4008 [Note] InnoDB: innodb_empty_free_list_algorithm has been changed to legacy because of small buffer pool size. In order to use backoff, increase buffer pool at least up to 20MB.

2018-10-07 18:17:49 4008 [Note] InnoDB: Using mutexes to ref count buffer pool pages
2018-10-07 18:17:49 4008 [Note] InnoDB: The InnoDB memory heap is disabled
2018-10-07 18:17:49 4008 [Note] InnoDB: Mutexes and rw_locks use Windows interlocked functions
2018-10-07 18:17:49 4008 [Note] InnoDB: _mm_lfence() and _mm_sfence() are used for memory barrier
2018-10-07 18:17:49 4008 [Note] InnoDB: Compressed tables use zlib 1.2.3
2018-10-07 18:17:49 4008 [Note] InnoDB: Using generic crc32 instructions
2018-10-07 18:17:49 4008 [Note] InnoDB: Initializing buffer pool, size = 16.0M
2018-10-07 18:17:49 4008 [Note] InnoDB: Completed initialization of buffer pool
2018-10-07 18:17:50 4008 [Note] InnoDB: Highest supported file format is Barracuda.
2018-10-07 18:17:50 4008 [Note] InnoDB: The log sequence number 1835037 in ibdata file do not match the log sequence number 1961075 in the ib_logfiles!
2018-10-07 18:17:50 4008 [Note] InnoDB: Restoring possible half-written data pages from the doublewrite buffer...
2018-10-07 18:17:51 4008 [Note] InnoDB: 128 rollback segment(s) are active.
2018-10-07 18:17:51 4008 [Note] InnoDB: Waiting for purge to start
2018-10-07 18:17:51 4008 [Note] InnoDB:  Percona XtraDB (http://www.percona.com) 5.6.39-83.1 started; log sequence number 1961075
2018-10-07 18:17:51 2784 [Note] InnoDB: Dumping buffer pool(s) not yet started
2018-10-07 18:17:51 4008 [Note] Plugin 'FEEDBACK' is disabled.
2018-10-07 18:17:51 4008 [Note] Server socket created on IP: '::'.
2018-10-07 18:17:52 4008 [Note] c:\xampp\mysql\bin\mysqld.exe: ready for connections.
Version: '10.1.35-MariaDB'  socket: ''  port: 3306  mariadb.org binary distribution
2018-10-06 20:21:49 1844 InnoDB: Warning: Using innodb_additional_mem_pool_size is DEPRECATED. This option may be removed in future releases, together with the option innodb_use_sys_malloc and with the InnoDB's internal memory allocator.
2018-10-06 20:21:49 6212 [Note] InnoDB: innodb_empty_free_list_algorithm has been changed to legacy because of small buffer pool size. In order to use backoff, increase buffer pool at least up to 20MB.

2018-10-06 20:21:49 6212 [Note] InnoDB: Using mutexes to ref count buffer pool pages
2018-10-06 20:21:49 6212 [Note] InnoDB: The InnoDB memory heap is disabled
2018-10-06 20:21:49 6212 [Note] InnoDB: Mutexes and rw_locks use Windows interlocked functions
2018-10-06 20:21:49 6212 [Note] InnoDB: _mm_lfence() and _mm_sfence() are used for memory barrier
2018-10-06 20:21:49 6212 [Note] InnoDB: Compressed tables use zlib 1.2.3
2018-10-06 20:21:49 6212 [Note] InnoDB: Using generic crc32 instructions
2018-10-06 20:21:49 6212 [Note] InnoDB: Initializing buffer pool, size = 16.0M
2018-10-06 20:21:49 6212 [Note] InnoDB: Completed initialization of buffer pool
2018-10-06 20:21:49 6212 [Note] InnoDB: Highest supported file format is Barracuda.
2018-10-06 20:21:49 6212 [Note] InnoDB: The log sequence number 1835037 in ibdata file do not match the log sequence number 2099556 in the ib_logfiles!
2018-10-06 20:21:49 6212 [Note] InnoDB: Restoring possible half-written data pages from the doublewrite buffer...
2018-10-06 20:21:50 6212 [Note] InnoDB: 128 rollback segment(s) are active.
2018-10-06 20:21:50 6212 [Note] InnoDB: Waiting for purge to start
2018-10-06 20:21:50 6212 [Note] InnoDB:  Percona XtraDB (http://www.percona.com) 5.6.39-83.1 started; log sequence number 2099556
2018-10-06 20:21:50 6388 [Note] InnoDB: Dumping buffer pool(s) not yet started
2018-10-06 20:21:50 6212 [Note] Plugin 'FEEDBACK' is disabled.
2018-10-06 20:21:50 6212 [Note] Server socket created on IP: '::'.
2018-10-06 20:21:50 6212 [Note] c:\xampp\mysql\bin\mysqld.exe: ready for connections.
Version: '10.1.35-MariaDB'  socket: ''  port: 3306  mariadb.org binary distribution
2018-10-09 14:31:52 176c InnoDB: Warning: Using innodb_additional_mem_pool_size is DEPRECATED. This option may be removed in future releases, together with the option innodb_use_sys_malloc and with the InnoDB's internal memory allocator.
2018-10-09 14:31:52 5996 [Note] InnoDB: innodb_empty_free_list_algorithm has been changed to legacy because of small buffer pool size. In order to use backoff, increase buffer pool at least up to 20MB.

2018-10-09 14:31:52 5996 [Note] InnoDB: Using mutexes to ref count buffer pool pages
2018-10-09 14:31:52 5996 [Note] InnoDB: The InnoDB memory heap is disabled
2018-10-09 14:31:52 5996 [Note] InnoDB: Mutexes and rw_locks use Windows interlocked functions
2018-10-09 14:31:52 5996 [Note] InnoDB: _mm_lfence() and _mm_sfence() are used for memory barrier
2018-10-09 14:31:52 5996 [Note] InnoDB: Compressed tables use zlib 1.2.3
2018-10-09 14:31:52 5996 [Note] InnoDB: Using generic crc32 instructions
2018-10-09 14:31:52 5996 [Note] InnoDB: Initializing buffer pool, size = 16.0M
2018-10-09 14:31:52 5996 [Note] InnoDB: Completed initialization of buffer pool
2018-10-09 14:31:52 5996 [Note] InnoDB: Highest supported file format is Barracuda.
2018-10-09 14:31:52 5996 [Note] InnoDB: The log sequence number 1835037 in ibdata file do not match the log sequence number 2101269 in the ib_logfiles!
2018-10-09 14:31:53 5996 [Note] InnoDB: Restoring possible half-written data pages from the doublewrite buffer...
2018-10-09 14:31:54 5996 [Note] InnoDB: 128 rollback segment(s) are active.
2018-10-09 14:31:54 5996 [Note] InnoDB: Waiting for purge to start
2018-10-09 14:31:54 5996 [Note] InnoDB:  Percona XtraDB (http://www.percona.com) 5.6.39-83.1 started; log sequence number 2101269
2018-10-09 14:31:54 2880 [Note] InnoDB: Dumping buffer pool(s) not yet started
2018-10-09 14:31:54 5996 [Note] Plugin 'FEEDBACK' is disabled.
2018-10-09 14:31:54 5996 [Note] Server socket created on IP: '::'.
2018-10-09 14:31:55 5996 [Note] c:\xampp\mysql\bin\mysqld.exe: ready for connections.
Version: '10.1.35-MariaDB'  socket: ''  port: 3306  mariadb.org binary distribution
2018-10-09 17:29:16 e18 InnoDB: Warning: Using innodb_additional_mem_pool_size is DEPRECATED. This option may be removed in future releases, together with the option innodb_use_sys_malloc and with the InnoDB's internal memory allocator.
2018-10-09 17:29:16 3608 [Note] InnoDB: innodb_empty_free_list_algorithm has been changed to legacy because of small buffer pool size. In order to use backoff, increase buffer pool at least up to 20MB.

2018-10-09 17:29:16 3608 [Note] InnoDB: Using mutexes to ref count buffer pool pages
2018-10-09 17:29:16 3608 [Note] InnoDB: The InnoDB memory heap is disabled
2018-10-09 17:29:16 3608 [Note] InnoDB: Mutexes and rw_locks use Windows interlocked functions
2018-10-09 17:29:16 3608 [Note] InnoDB: _mm_lfence() and _mm_sfence() are used for memory barrier
2018-10-09 17:29:16 3608 [Note] InnoDB: Compressed tables use zlib 1.2.3
2018-10-09 17:29:16 3608 [Note] InnoDB: Using generic crc32 instructions
2018-10-09 17:29:16 3608 [Note] InnoDB: Initializing buffer pool, size = 16.0M
2018-10-09 17:29:16 3608 [Note] InnoDB: Completed initialization of buffer pool
2018-10-09 17:29:17 3608 [Note] InnoDB: Highest supported file format is Barracuda.
2018-10-09 17:29:18 3608 [Note] InnoDB: The log sequence number 1835037 in ibdata file do not match the log sequence number 2177007 in the ib_logfiles!
2018-10-09 17:29:18 3608 [Note] InnoDB: Restoring possible half-written data pages from the doublewrite buffer...
2018-10-09 17:29:19 3608 [Note] InnoDB: 128 rollback segment(s) are active.
2018-10-09 17:29:19 3608 [Note] InnoDB: Waiting for purge to start
2018-10-09 17:29:19 3608 [Note] InnoDB:  Percona XtraDB (http://www.percona.com) 5.6.39-83.1 started; log sequence number 2177007
2018-10-09 17:29:19 4748 [Note] InnoDB: Dumping buffer pool(s) not yet started
2018-10-09 17:29:20 3608 [Note] Plugin 'FEEDBACK' is disabled.
2018-10-09 17:29:20 3608 [Note] Server socket created on IP: '::'.
2018-10-09 17:29:20 3608 [Note] c:\xampp\mysql\bin\mysqld.exe: ready for connections.
Version: '10.1.35-MariaDB'  socket: ''  port: 3306  mariadb.org binary distribution
2018-10-09 19:24:17 d54 InnoDB: Warning: Using innodb_additional_mem_pool_size is DEPRECATED. This option may be removed in future releases, together with the option innodb_use_sys_malloc and with the InnoDB's internal memory allocator.
2018-10-09 19:24:17 3412 [Note] InnoDB: innodb_empty_free_list_algorithm has been changed to legacy because of small buffer pool size. In order to use backoff, increase buffer pool at least up to 20MB.

2018-10-09 19:24:17 3412 [Note] InnoDB: Using mutexes to ref count buffer pool pages
2018-10-09 19:24:17 3412 [Note] InnoDB: The InnoDB memory heap is disabled
2018-10-09 19:24:17 3412 [Note] InnoDB: Mutexes and rw_locks use Windows interlocked functions
2018-10-09 19:24:17 3412 [Note] InnoDB: _mm_lfence() and _mm_sfence() are used for memory barrier
2018-10-09 19:24:17 3412 [Note] InnoDB: Compressed tables use zlib 1.2.3
2018-10-09 19:24:17 3412 [Note] InnoDB: Using generic crc32 instructions
2018-10-09 19:24:17 3412 [Note] InnoDB: Initializing buffer pool, size = 16.0M
2018-10-09 19:24:17 3412 [Note] InnoDB: Completed initialization of buffer pool
2018-10-09 19:24:19 3412 [Note] InnoDB: Highest supported file format is Barracuda.
2018-10-09 19:24:19 3412 [Note] InnoDB: The log sequence number 1835037 in ibdata file do not match the log sequence number 2177677 in the ib_logfiles!
2018-10-09 19:24:21 3412 [Note] InnoDB: Restoring possible half-written data pages from the doublewrite buffer...
2018-10-09 19:24:29 3412 [Note] InnoDB: 128 rollback segment(s) are active.
2018-10-09 19:24:29 3412 [Note] InnoDB: Waiting for purge to start
2018-10-09 19:24:29 3412 [Note] InnoDB:  Percona XtraDB (http://www.percona.com) 5.6.39-83.1 started; log sequence number 2177677
2018-10-09 19:24:30 328 [Note] InnoDB: Dumping buffer pool(s) not yet started
2018-10-09 19:24:30 3412 [Note] Plugin 'FEEDBACK' is disabled.
2018-10-09 19:24:31 3412 [Note] Server socket created on IP: '::'.
2018-10-09 19:24:42 3412 [Note] c:\xampp\mysql\bin\mysqld.exe: ready for connections.
Version: '10.1.35-MariaDB'  socket: ''  port: 3306  mariadb.org binary distribution
2018-10-11 11:37:06 b84 InnoDB: Warning: Using innodb_additional_mem_pool_size is DEPRECATED. This option may be removed in future releases, together with the option innodb_use_sys_malloc and with the InnoDB's internal memory allocator.
2018-10-11 11:37:06 2948 [Note] InnoDB: innodb_empty_free_list_algorithm has been changed to legacy because of small buffer pool size. In order to use backoff, increase buffer pool at least up to 20MB.

2018-10-11 11:37:06 2948 [Note] InnoDB: Using mutexes to ref count buffer pool pages
2018-10-11 11:37:06 2948 [Note] InnoDB: The InnoDB memory heap is disabled
2018-10-11 11:37:06 2948 [Note] InnoDB: Mutexes and rw_locks use Windows interlocked functions
2018-10-11 11:37:06 2948 [Note] InnoDB: _mm_lfence() and _mm_sfence() are used for memory barrier
2018-10-11 11:37:06 2948 [Note] InnoDB: Compressed tables use zlib 1.2.3
2018-10-11 11:37:06 2948 [Note] InnoDB: Using generic crc32 instructions
2018-10-11 11:37:07 2948 [Note] InnoDB: Initializing buffer pool, size = 16.0M
2018-10-11 11:37:07 2948 [Note] InnoDB: Completed initialization of buffer pool
2018-10-11 11:37:08 2948 [Note] InnoDB: Highest supported file format is Barracuda.
2018-10-11 11:37:08 2948 [Note] InnoDB: The log sequence number 1835037 in ibdata file do not match the log sequence number 2177687 in the ib_logfiles!
2018-10-11 11:37:13 2948 [Note] InnoDB: Restoring possible half-written data pages from the doublewrite buffer...
2018-10-11 11:37:26 2948 [Note] InnoDB: 128 rollback segment(s) are active.
2018-10-11 11:37:26 2948 [Note] InnoDB: Waiting for purge to start
2018-10-11 11:37:27 2948 [Note] InnoDB:  Percona XtraDB (http://www.percona.com) 5.6.39-83.1 started; log sequence number 2177687
2018-10-11 11:37:27 4812 [Note] InnoDB: Dumping buffer pool(s) not yet started
2018-10-11 11:37:28 2948 [Note] Plugin 'FEEDBACK' is disabled.
2018-10-11 11:37:28 2948 [Note] Server socket created on IP: '::'.
2018-10-11 11:37:30 2948 [Note] c:\xampp\mysql\bin\mysqld.exe: ready for connections.
Version: '10.1.35-MariaDB'  socket: ''  port: 3306  mariadb.org binary distribution
2018-10-11 13:38:23 dc4 InnoDB: Warning: Using innodb_additional_mem_pool_size is DEPRECATED. This option may be removed in future releases, together with the option innodb_use_sys_malloc and with the InnoDB's internal memory allocator.
2018-10-11 13:38:23 3524 [Note] InnoDB: innodb_empty_free_list_algorithm has been changed to legacy because of small buffer pool size. In order to use backoff, increase buffer pool at least up to 20MB.

2018-10-11 13:38:23 3524 [Note] InnoDB: Using mutexes to ref count buffer pool pages
2018-10-11 13:38:23 3524 [Note] InnoDB: The InnoDB memory heap is disabled
2018-10-11 13:38:23 3524 [Note] InnoDB: Mutexes and rw_locks use Windows interlocked functions
2018-10-11 13:38:23 3524 [Note] InnoDB: _mm_lfence() and _mm_sfence() are used for memory barrier
2018-10-11 13:38:24 3524 [Note] InnoDB: Compressed tables use zlib 1.2.3
2018-10-11 13:38:24 3524 [Note] InnoDB: Using generic crc32 instructions
2018-10-11 13:38:24 3524 [Note] InnoDB: Initializing buffer pool, size = 16.0M
2018-10-11 13:38:24 3524 [Note] InnoDB: Completed initialization of buffer pool
2018-10-11 13:38:24 3524 [Note] InnoDB: Highest supported file format is Barracuda.
2018-10-11 13:38:24 3524 [Note] InnoDB: The log sequence number 1835037 in ibdata file do not match the log sequence number 2177902 in the ib_logfiles!
2018-10-11 13:38:25 3524 [Note] InnoDB: Restoring possible half-written data pages from the doublewrite buffer...
2018-10-11 13:38:26 3524 [Note] InnoDB: 128 rollback segment(s) are active.
2018-10-11 13:38:26 3524 [Note] InnoDB: Waiting for purge to start
2018-10-11 13:38:27 3524 [Note] InnoDB:  Percona XtraDB (http://www.percona.com) 5.6.39-83.1 started; log sequence number 2177902
2018-10-11 13:38:27 4436 [Note] InnoDB: Dumping buffer pool(s) not yet started
2018-10-11 13:38:27 3524 [Note] Plugin 'FEEDBACK' is disabled.
2018-10-11 13:38:27 3524 [Note] Server socket created on IP: '::'.
2018-10-11 13:38:28 3524 [Note] c:\xampp\mysql\bin\mysqld.exe: ready for connections.
Version: '10.1.35-MariaDB'  socket: ''  port: 3306  mariadb.org binary distribution
2018-10-11 16:56:59 10ac InnoDB: Warning: Using innodb_additional_mem_pool_size is DEPRECATED. This option may be removed in future releases, together with the option innodb_use_sys_malloc and with the InnoDB's internal memory allocator.
2018-10-11 16:56:59 4268 [Note] InnoDB: innodb_empty_free_list_algorithm has been changed to legacy because of small buffer pool size. In order to use backoff, increase buffer pool at least up to 20MB.

2018-10-11 16:56:59 4268 [Note] InnoDB: Using mutexes to ref count buffer pool pages
2018-10-11 16:56:59 4268 [Note] InnoDB: The InnoDB memory heap is disabled
2018-10-11 16:56:59 4268 [Note] InnoDB: Mutexes and rw_locks use Windows interlocked functions
2018-10-11 16:56:59 4268 [Note] InnoDB: _mm_lfence() and _mm_sfence() are used for memory barrier
2018-10-11 16:56:59 4268 [Note] InnoDB: Compressed tables use zlib 1.2.3
2018-10-11 16:56:59 4268 [Note] InnoDB: Using generic crc32 instructions
2018-10-11 16:56:59 4268 [Note] InnoDB: Initializing buffer pool, size = 16.0M
2018-10-11 16:56:59 4268 [Note] InnoDB: Completed initialization of buffer pool
2018-10-11 16:56:59 4268 [Note] InnoDB: Highest supported file format is Barracuda.
2018-10-11 16:56:59 4268 [Note] InnoDB: The log sequence number 1835037 in ibdata file do not match the log sequence number 2192289 in the ib_logfiles!
2018-10-11 16:56:59 4268 [Note] InnoDB: Restoring possible half-written data pages from the doublewrite buffer...
2018-10-11 16:57:00 4268 [Note] InnoDB: 128 rollback segment(s) are active.
2018-10-11 16:57:00 4268 [Note] InnoDB: Waiting for purge to start
2018-10-11 16:57:00 4268 [Note] InnoDB:  Percona XtraDB (http://www.percona.com) 5.6.39-83.1 started; log sequence number 2192289
2018-10-11 16:57:00 5320 [Note] InnoDB: Dumping buffer pool(s) not yet started
2018-10-11 16:57:00 4268 [Note] Plugin 'FEEDBACK' is disabled.
2018-10-11 16:57:00 4268 [Note] Server socket created on IP: '::'.
2018-10-11 16:57:01 4268 [Note] c:\xampp\mysql\bin\mysqld.exe: ready for connections.
Version: '10.1.35-MariaDB'  socket: ''  port: 3306  mariadb.org binary distribution
2018-10-11 18:01:28 3664 [ERROR] Incorrect definition of table mysql.column_stats: expected column 'min_value' at position 3 to have type varbinary(255), found type varchar(255).
2018-10-11 18:01:28 3664 [ERROR] Incorrect definition of table mysql.column_stats: expected column 'max_value' at position 4 to have type varbinary(255), found type varchar(255).
2018-10-11 18:01:39 3664 [ERROR] Incorrect definition of table mysql.column_stats: expected column 'min_value' at position 3 to have type varbinary(255), found type varchar(255).
2018-10-11 18:01:39 3664 [ERROR] Incorrect definition of table mysql.column_stats: expected column 'max_value' at position 4 to have type varbinary(255), found type varchar(255).
2018-10-11 20:00:02 1434 InnoDB: Warning: Using innodb_additional_mem_pool_size is DEPRECATED. This option may be removed in future releases, together with the option innodb_use_sys_malloc and with the InnoDB's internal memory allocator.
2018-10-11 20:00:02 5172 [Note] InnoDB: innodb_empty_free_list_algorithm has been changed to legacy because of small buffer pool size. In order to use backoff, increase buffer pool at least up to 20MB.

2018-10-11 20:00:02 5172 [Note] InnoDB: Using mutexes to ref count buffer pool pages
2018-10-11 20:00:02 5172 [Note] InnoDB: The InnoDB memory heap is disabled
2018-10-11 20:00:02 5172 [Note] InnoDB: Mutexes and rw_locks use Windows interlocked functions
2018-10-11 20:00:02 5172 [Note] InnoDB: _mm_lfence() and _mm_sfence() are used for memory barrier
2018-10-11 20:00:02 5172 [Note] InnoDB: Compressed tables use zlib 1.2.3
2018-10-11 20:00:02 5172 [Note] InnoDB: Using generic crc32 instructions
2018-10-11 20:00:02 5172 [Note] InnoDB: Initializing buffer pool, size = 16.0M
2018-10-11 20:00:02 5172 [Note] InnoDB: Completed initialization of buffer pool
2018-10-11 20:00:03 5172 [Note] InnoDB: Highest supported file format is Barracuda.
2018-10-11 20:00:03 5172 [Note] InnoDB: The log sequence number 1835037 in ibdata file do not match the log sequence number 2298722 in the ib_logfiles!
2018-10-11 20:00:06 5172 [Note] InnoDB: Restoring possible half-written data pages from the doublewrite buffer...
2018-10-11 20:00:10 5172 [Note] InnoDB: 128 rollback segment(s) are active.
2018-10-11 20:00:10 5172 [Note] InnoDB: Waiting for purge to start
2018-10-11 20:00:10 5172 [Note] InnoDB:  Percona XtraDB (http://www.percona.com) 5.6.39-83.1 started; log sequence number 2298722
2018-10-11 20:00:12 5340 [Note] InnoDB: Dumping buffer pool(s) not yet started
2018-10-11 20:00:12 5172 [Note] Plugin 'FEEDBACK' is disabled.
2018-10-11 20:00:13 5172 [Note] Server socket created on IP: '::'.
2018-10-11 20:00:17 5172 [Note] c:\xampp\mysql\bin\mysqld.exe: ready for connections.
Version: '10.1.35-MariaDB'  socket: ''  port: 3306  mariadb.org binary distribution
2018-10-13 09:37:23 b24 InnoDB: Warning: Using innodb_additional_mem_pool_size is DEPRECATED. This option may be removed in future releases, together with the option innodb_use_sys_malloc and with the InnoDB's internal memory allocator.
2018-10-13  9:37:23 2852 [Note] InnoDB: innodb_empty_free_list_algorithm has been changed to legacy because of small buffer pool size. In order to use backoff, increase buffer pool at least up to 20MB.

2018-10-13  9:37:23 2852 [Note] InnoDB: Using mutexes to ref count buffer pool pages
2018-10-13  9:37:23 2852 [Note] InnoDB: The InnoDB memory heap is disabled
2018-10-13  9:37:23 2852 [Note] InnoDB: Mutexes and rw_locks use Windows interlocked functions
2018-10-13  9:37:23 2852 [Note] InnoDB: _mm_lfence() and _mm_sfence() are used for memory barrier
2018-10-13  9:37:23 2852 [Note] InnoDB: Compressed tables use zlib 1.2.3
2018-10-13  9:37:23 2852 [Note] InnoDB: Using generic crc32 instructions
2018-10-13  9:37:23 2852 [Note] InnoDB: Initializing buffer pool, size = 16.0M
2018-10-13  9:37:23 2852 [Note] InnoDB: Completed initialization of buffer pool
2018-10-13  9:37:24 2852 [Note] InnoDB: Highest supported file format is Barracuda.
2018-10-13  9:37:24 2852 [Note] InnoDB: The log sequence number 1835037 in ibdata file do not match the log sequence number 2299585 in the ib_logfiles!
2018-10-13  9:37:25 2852 [Note] InnoDB: Restoring possible half-written data pages from the doublewrite buffer...
2018-10-13  9:37:26 2852 [Note] InnoDB: 128 rollback segment(s) are active.
2018-10-13  9:37:26 2852 [Note] InnoDB: Waiting for purge to start
2018-10-13  9:37:26 2852 [Note] InnoDB:  Percona XtraDB (http://www.percona.com) 5.6.39-83.1 started; log sequence number 2299585
2018-10-13  9:37:27 1476 [Note] InnoDB: Dumping buffer pool(s) not yet started
2018-10-13  9:37:27 2852 [Note] Plugin 'FEEDBACK' is disabled.
2018-10-13  9:37:27 2852 [Note] Server socket created on IP: '::'.
2018-10-13  9:37:29 2852 [Note] c:\xampp\mysql\bin\mysqld.exe: ready for connections.
Version: '10.1.35-MariaDB'  socket: ''  port: 3306  mariadb.org binary distribution
2018-10-13 12:03:40 aa4 InnoDB: Warning: Using innodb_additional_mem_pool_size is DEPRECATED. This option may be removed in future releases, together with the option innodb_use_sys_malloc and with the InnoDB's internal memory allocator.
2018-10-13 12:03:40 2724 [Note] InnoDB: innodb_empty_free_list_algorithm has been changed to legacy because of small buffer pool size. In order to use backoff, increase buffer pool at least up to 20MB.

2018-10-13 12:03:40 2724 [Note] InnoDB: Using mutexes to ref count buffer pool pages
2018-10-13 12:03:40 2724 [Note] InnoDB: The InnoDB memory heap is disabled
2018-10-13 12:03:40 2724 [Note] InnoDB: Mutexes and rw_locks use Windows interlocked functions
2018-10-13 12:03:40 2724 [Note] InnoDB: _mm_lfence() and _mm_sfence() are used for memory barrier
2018-10-13 12:03:40 2724 [Note] InnoDB: Compressed tables use zlib 1.2.3
2018-10-13 12:03:40 2724 [Note] InnoDB: Using generic crc32 instructions
2018-10-13 12:03:40 2724 [Note] InnoDB: Initializing buffer pool, size = 16.0M
2018-10-13 12:03:40 2724 [Note] InnoDB: Completed initialization of buffer pool
2018-10-13 12:03:40 2724 [Note] InnoDB: Highest supported file format is Barracuda.
2018-10-13 12:03:40 2724 [Note] InnoDB: The log sequence number 1835037 in ibdata file do not match the log sequence number 2300445 in the ib_logfiles!
2018-10-13 12:03:40 2724 [Note] InnoDB: Restoring possible half-written data pages from the doublewrite buffer...
2018-10-13 12:03:41 2724 [Note] InnoDB: 128 rollback segment(s) are active.
2018-10-13 12:03:41 2724 [Note] InnoDB: Waiting for purge to start
2018-10-13 12:03:41 2724 [Note] InnoDB:  Percona XtraDB (http://www.percona.com) 5.6.39-83.1 started; log sequence number 2300445
2018-10-13 12:03:41 2924 [Note] InnoDB: Dumping buffer pool(s) not yet started
2018-10-13 12:03:41 2724 [Note] Plugin 'FEEDBACK' is disabled.
2018-10-13 12:03:41 2724 [Note] Server socket created on IP: '::'.
2018-10-13 12:03:41 2724 [Note] c:\xampp\mysql\bin\mysqld.exe: ready for connections.
Version: '10.1.35-MariaDB'  socket: ''  port: 3306  mariadb.org binary distribution
2018-10-13 15:38:48 1784 InnoDB: Warning: Using innodb_additional_mem_pool_size is DEPRECATED. This option may be removed in future releases, together with the option innodb_use_sys_malloc and with the InnoDB's internal memory allocator.
2018-10-13 15:38:48 6020 [Note] InnoDB: innodb_empty_free_list_algorithm has been changed to legacy because of small buffer pool size. In order to use backoff, increase buffer pool at least up to 20MB.

2018-10-13 15:38:48 6020 [Note] InnoDB: Using mutexes to ref count buffer pool pages
2018-10-13 15:38:48 6020 [Note] InnoDB: The InnoDB memory heap is disabled
2018-10-13 15:38:48 6020 [Note] InnoDB: Mutexes and rw_locks use Windows interlocked functions
2018-10-13 15:38:48 6020 [Note] InnoDB: _mm_lfence() and _mm_sfence() are used for memory barrier
2018-10-13 15:38:48 6020 [Note] InnoDB: Compressed tables use zlib 1.2.3
2018-10-13 15:38:48 6020 [Note] InnoDB: Using generic crc32 instructions
2018-10-13 15:38:48 6020 [Note] InnoDB: Initializing buffer pool, size = 16.0M
2018-10-13 15:38:48 6020 [Note] InnoDB: Completed initialization of buffer pool
2018-10-13 15:38:48 6020 [Note] InnoDB: Highest supported file format is Barracuda.
2018-10-13 15:38:48 6020 [Note] InnoDB: The log sequence number 1835037 in ibdata file do not match the log sequence number 5557640 in the ib_logfiles!
2018-10-13 15:38:49 6020 [Note] InnoDB: Restoring possible half-written data pages from the doublewrite buffer...
2018-10-13 15:38:52 6020 [Note] InnoDB: 128 rollback segment(s) are active.
2018-10-13 15:38:52 6020 [Note] InnoDB: Waiting for purge to start
2018-10-13 15:38:52 6020 [Note] InnoDB:  Percona XtraDB (http://www.percona.com) 5.6.39-83.1 started; log sequence number 5557640
2018-10-13 15:38:52 6412 [Note] InnoDB: Dumping buffer pool(s) not yet started
2018-10-13 15:38:52 6020 [Note] Plugin 'FEEDBACK' is disabled.
2018-10-13 15:38:52 6020 [Note] Server socket created on IP: '::'.
2018-10-13 15:38:53 6020 [Note] c:\xampp\mysql\bin\mysqld.exe: ready for connections.
Version: '10.1.35-MariaDB'  socket: ''  port: 3306  mariadb.org binary distribution
2018-10-13 20:17:31 ac4 InnoDB: Warning: Using innodb_additional_mem_pool_size is DEPRECATED. This option may be removed in future releases, together with the option innodb_use_sys_malloc and with the InnoDB's internal memory allocator.
2018-10-13 20:17:31 2756 [Note] InnoDB: innodb_empty_free_list_algorithm has been changed to legacy because of small buffer pool size. In order to use backoff, increase buffer pool at least up to 20MB.

2018-10-13 20:17:31 2756 [Note] InnoDB: Using mutexes to ref count buffer pool pages
2018-10-13 20:17:31 2756 [Note] InnoDB: The InnoDB memory heap is disabled
2018-10-13 20:17:31 2756 [Note] InnoDB: Mutexes and rw_locks use Windows interlocked functions
2018-10-13 20:17:31 2756 [Note] InnoDB: _mm_lfence() and _mm_sfence() are used for memory barrier
2018-10-13 20:17:31 2756 [Note] InnoDB: Compressed tables use zlib 1.2.3
2018-10-13 20:17:31 2756 [Note] InnoDB: Using generic crc32 instructions
2018-10-13 20:17:31 2756 [Note] InnoDB: Initializing buffer pool, size = 16.0M
2018-10-13 20:17:31 2756 [Note] InnoDB: Completed initialization of buffer pool
2018-10-13 20:17:31 2756 [Note] InnoDB: Highest supported file format is Barracuda.
2018-10-13 20:17:31 2756 [Note] InnoDB: The log sequence number 1835037 in ibdata file do not match the log sequence number 5760664 in the ib_logfiles!
2018-10-13 20:17:33 2756 [Note] InnoDB: Restoring possible half-written data pages from the doublewrite buffer...
2018-10-13 20:17:34 2756 [Note] InnoDB: 128 rollback segment(s) are active.
2018-10-13 20:17:34 2756 [Note] InnoDB: Waiting for purge to start
2018-10-13 20:17:34 2756 [Note] InnoDB:  Percona XtraDB (http://www.percona.com) 5.6.39-83.1 started; log sequence number 5760664
2018-10-13 20:17:34 3160 [Note] InnoDB: Dumping buffer pool(s) not yet started
2018-10-13 20:17:34 2756 [Note] Plugin 'FEEDBACK' is disabled.
2018-10-13 20:17:34 2756 [Note] Server socket created on IP: '::'.
2018-10-13 20:17:36 2756 [Note] c:\xampp\mysql\bin\mysqld.exe: ready for connections.
Version: '10.1.35-MariaDB'  socket: ''  port: 3306  mariadb.org binary distribution
2018-10-13 23:52:11 135c InnoDB: Warning: Using innodb_additional_mem_pool_size is DEPRECATED. This option may be removed in future releases, together with the option innodb_use_sys_malloc and with the InnoDB's internal memory allocator.
2018-10-13 23:52:11 4956 [Note] InnoDB: innodb_empty_free_list_algorithm has been changed to legacy because of small buffer pool size. In order to use backoff, increase buffer pool at least up to 20MB.

2018-10-13 23:52:11 4956 [Note] InnoDB: Using mutexes to ref count buffer pool pages
2018-10-13 23:52:11 4956 [Note] InnoDB: The InnoDB memory heap is disabled
2018-10-13 23:52:11 4956 [Note] InnoDB: Mutexes and rw_locks use Windows interlocked functions
2018-10-13 23:52:11 4956 [Note] InnoDB: _mm_lfence() and _mm_sfence() are used for memory barrier
2018-10-13 23:52:11 4956 [Note] InnoDB: Compressed tables use zlib 1.2.3
2018-10-13 23:52:11 4956 [Note] InnoDB: Using generic crc32 instructions
2018-10-13 23:52:11 4956 [Note] InnoDB: Initializing buffer pool, size = 16.0M
2018-10-13 23:52:11 4956 [Note] InnoDB: Completed initialization of buffer pool
2018-10-13 23:52:11 4956 [Note] InnoDB: Highest supported file format is Barracuda.
2018-10-13 23:52:11 4956 [Note] InnoDB: The log sequence number 1835037 in ibdata file do not match the log sequence number 6511853 in the ib_logfiles!
2018-10-13 23:52:11 4956 [Note] InnoDB: Restoring possible half-written data pages from the doublewrite buffer...
2018-10-13 23:52:12 4956 [Note] InnoDB: 128 rollback segment(s) are active.
2018-10-13 23:52:12 4956 [Note] InnoDB: Waiting for purge to start
2018-10-13 23:52:12 4956 [Note] InnoDB:  Percona XtraDB (http://www.percona.com) 5.6.39-83.1 started; log sequence number 6511853
2018-10-13 23:52:12 4568 [Note] InnoDB: Dumping buffer pool(s) not yet started
2018-10-13 23:52:12 4956 [Note] Plugin 'FEEDBACK' is disabled.
2018-10-13 23:52:12 4956 [Note] Server socket created on IP: '::'.
2018-10-13 23:52:12 4956 [Note] c:\xampp\mysql\bin\mysqld.exe: ready for connections.
Version: '10.1.35-MariaDB'  socket: ''  port: 3306  mariadb.org binary distribution
2018-10-14 14:06:29 1348 InnoDB: Warning: Using innodb_additional_mem_pool_size is DEPRECATED. This option may be removed in future releases, together with the option innodb_use_sys_malloc and with the InnoDB's internal memory allocator.
2018-10-14 14:06:29 4936 [Note] InnoDB: innodb_empty_free_list_algorithm has been changed to legacy because of small buffer pool size. In order to use backoff, increase buffer pool at least up to 20MB.

2018-10-14 14:06:29 4936 [Note] InnoDB: Using mutexes to ref count buffer pool pages
2018-10-14 14:06:29 4936 [Note] InnoDB: The InnoDB memory heap is disabled
2018-10-14 14:06:29 4936 [Note] InnoDB: Mutexes and rw_locks use Windows interlocked functions
2018-10-14 14:06:29 4936 [Note] InnoDB: _mm_lfence() and _mm_sfence() are used for memory barrier
2018-10-14 14:06:29 4936 [Note] InnoDB: Compressed tables use zlib 1.2.3
2018-10-14 14:06:29 4936 [Note] InnoDB: Using generic crc32 instructions
2018-10-14 14:06:29 4936 [Note] InnoDB: Initializing buffer pool, size = 16.0M
2018-10-14 14:06:29 4936 [Note] InnoDB: Completed initialization of buffer pool
2018-10-14 14:06:30 4936 [Note] InnoDB: Highest supported file format is Barracuda.
2018-10-14 14:06:30 4936 [Note] InnoDB: The log sequence number 1835037 in ibdata file do not match the log sequence number 6653831 in the ib_logfiles!
2018-10-14 14:06:31 4936 [Note] InnoDB: Restoring possible half-written data pages from the doublewrite buffer...
2018-10-14 14:06:33 4936 [Note] InnoDB: 128 rollback segment(s) are active.
2018-10-14 14:06:33 4936 [Note] InnoDB: Waiting for purge to start
2018-10-14 14:06:33 4936 [Note] InnoDB:  Percona XtraDB (http://www.percona.com) 5.6.39-83.1 started; log sequence number 6653831
2018-10-14 14:06:33 4792 [Note] InnoDB: Dumping buffer pool(s) not yet started
2018-10-14 14:06:33 4936 [Note] Plugin 'FEEDBACK' is disabled.
2018-10-14 14:06:33 4936 [Note] Server socket created on IP: '::'.
2018-10-14 14:06:35 4936 [Note] c:\xampp\mysql\bin\mysqld.exe: ready for connections.
Version: '10.1.35-MariaDB'  socket: ''  port: 3306  mariadb.org binary distribution
